-------- Log file system.log -------

Executable: /home/jbirky/.conda/envs/astro/bin/vplanet
Version: Unknown
System Name: system
Primary Input File: vpl.in
Body File #1: primary.in
Body File #2: secondary.in
Allow files to be overwitten: Yes
Mass Units: Grams
Length Units: Meters
Time Units: Seconds
Angle Units: Radians

------- FORMATTING -----
Verbosity Level: 1
Crossover Decade for Scientific Notation: 4
Number of Digits After Decimal: 6
Integration Method: Runge-Kutta4
Direction: Forward
Time Step: 3.155760e+07
Stop Time: 7.826285e+16
Output Interval: 7.826285e+16
Use Variable Timestep: Yes
dEta: 0.010000
Minimum Value of ecc and obl: 1.000000e-10


---- INITIAL SYSTEM PROPERTIES ----
(Age) System Age [sec]: 3.155760e+13 
(Time) Simulation Time [sec]: 0.000000 
(TotAngMom) Total Angular Momentum [kg*m^2/sec]: 1.784341e+45 
(TotEnergy) Total System Energy [kg*m^2/sec^2]: -2.226316e+41 
(PotEnergy) Body's non-orbital Potential Energy [kg*m^2/sec^2]: -1.061092e+41 
(KinEnergy) Body's non-orbital Kinetic Energy [kg*m^2/sec^2]: 1.393177e+38 
(DeltaTime) Average Timestep Over Last Output Interval [sec]: 0.000000 

----- BODY: primary ----
Active Modules: EqTide STELLAR
Module Bit Sum: 67
Color: 000000
(Mass) Mass [kg]: 2.147483e+30 
(Obliquity) Obliquity [rad]: 0.000000 
(PrecA) Body's precession angle [rad]: 0.000000 
(Xobl) Body's sin(obliquity)*cos(precession angle) []: 0.000000 
(Yobl) Body's sin(obliquity)*sin(precession angle) []: 0.000000 
(Zobl) Body's cos(obliquity) []: 1.000000 
(Radius) Radius [Rearth]: 272.879356 
(RadGyra) Radius of Gyration/Moment of Inertia Constant []: 0.449982 
(RotAngMom) Rotational Angular Momentum [kg*m^2/sec]: 1.915755e+43 
(RotKinEnergy) Body's Rotational Energy [kg*m^2/sec^2]: 1.393177e+38 
(RotVel) Rotational Velocity [m/sec]: 2.531385e+04 
(BodyType) Type of Body (0 == planet) []: 1.000000 
(RotRate) Rotational Frequency [/sec]: 1.454441e-05 
(RotPer) Rotational Period [days]: 5.000000 
(Density) Average Density [kg/m^3]: 97.242259 
(SurfEnFluxTotal) Total Surface Energy Flux [W/m^2]: 1.978608e+07 
(ImK2) Im(k_2) []: -5.000000e-07 
(K2) k_2 []: 0.500000 
(K2Man) Real Love Number k2 Mantle []: 0.010000 
(Imk2Man) Imaginary Love Number k2 Mantle []: 0.000000 
(TidalQMantle) Mantle's Tidal Q []: 100.000000 
(HEcc) Poincare's h (=e*sin(varpi) []: 0.000000 
(HZLimitDryRunaway) Semi-major axis of Dry Runaway HZ Limit [m]: 2.007865e+11 
(HZLimRecVenus) Recent Venus HZ Limit [m]: 2.453787e+11 
(HZLimRunaway) Runaway Greenhouse HZ Limit [m]: 3.257187e+11 
(HZLimMoistGreenhouse) Moist Greenhouse HZ Limit [m]: 3.246750e+11 
(HZLimMaxGreenhouse) Maximum Greenhouse HZ Limit [m]: 5.858649e+11 
(HZLimEarlyMars) Early Mars HZ Limit [m]: 6.390741e+11 
(Instellation) Orbit-averaged INcident STELLar radiATION [kg*m^2/sec^2/(m^2*sec)]: -1.000000 
(KEcc) Poincare's k (=e*cos(varpi) []: 0.000000 
(Eccentricity) Orbital Eccentricity []: -1.000000 
(OrbEnergy) Body's Total Orbital Energy [kg*m^2/sec^2]: 0.000000 
(MeanMotion) Orbital Mean Motion [/sec]: -1.000000 
(OrbPeriod) Orbital Period [sec]: -1.000000 
(SemiMajorAxis) Semi-major Axis [m]: -1.000000 
(CriticalSemiMajorAxis) Holman & Wiegert (1999) P-type Critical Semi-major Axis [m]: -1.000000 
(OrbAngMom) Orbital Angular Momentum [kg*m^2/sec]: 0.000000 
(LongP) Body's Longitude of pericenter [rad]: 0.000000 
(LXUVTot) Total XUV Luminosity [kg*m^2/sec^2/(m^2*sec)]: 8.409828e+23 
(TotOrbEnergy) System's Total Orbital Energy [kg*m^2/sec^2]: -1.222046e+40 
(OrbPotEnergy) Body's Orbital Potential Energy [kg*m^2/sec^2]: -1.000000 
(LostEnergy) Body's Total Lost Energy [kg*m^2/sec^2]: 5.562685e-309 
(LostAngMom) Lost Angular Momentum due to Magnetic Braking [kg*m^2/s]: 5.562685e-309 
----- EQTIDE PARAMETERS (primary)------
(LockTime) Time when body tidally locked. [sec]: -1.000000 
(BodyDsemiDtEqtide) In EqTide, the total change in semi-major axis is due to dissipation in both bodies. This output parameter returns the change due to current body. []: -1.000000 
(BodyDeccDt) In EqTide, the total change in eccentricity is due to towrues on both bodies. This output parameter returns the change due to current body. []: -1.000000 
(DOblDtEqtide) Time Rate of Change of Obliquity in EqTide [rad/sec]: 0.000000 
(DRotPerDtEqtide) Time Rate of Change of Rotation Period in EqTide []: -5.447773e-07 
(DRotRateDtEqtide) Time Rate of Change of Rotational Frequency in EqTide [/sec^2]: 1.834135e-17 
(EqRotPer) Equilibrium Rotation Period [sec]: 1.847889e+05 
(EqTidePower) Equilibrium Power from Tides [/sec]: -1.000000 
(OceanK2) Ocean's Love number k_2 []: 0.010000 
(EnvTidalQ) Envelope Tidal Q []: -1.000000 
(OceanTidalQ) Ocean Tidal Q []: -1.000000 
(TidalTau) Tidal Time Lag [sec]: 0.100000 
(TideLock) Tidally Locked? []: 0.000000 
(RotTimeEqtide) Timescale for Rotational Evolution in EqTide [sec]: 7.929846e+11 
(EnvK2) Envelope's Love number k_2 []: 0.010000 
(OblTimeEqtide) Timescale for Obliquity Evolution in EqTide []: -1.000000 
(PowerEqtide) Internal Power due to Tides in EqTide [kg*m^2/sec^3]: 7.531711e+26 
(SurfEnFluxEqtide) Surface Energy Flux due to Tides in EqTide [kg*m^2/sec^2/(m^2*sec)]: 1.978608e+07 
Tidal Perturbers: secondary
----- STELLAR PARAMETERS (primary)------
(Luminosity) Luminosity [LSUN]: 2.186643 
(LXUVStellar) Base X-ray/XUV Luminosity [kg*m^2/sec^3]: 8.409828e+23 
(Temperature) Effective Temperature [K]: 4440.858486 
(LXUVFrac) Fraction of luminosity in XUV []: 0.001000 
(RossbyNumber) Rossby Number []: 0.155020 
(DRotPerDtStellar) Time Rate of Change of Rotation Period in STELLAR []: -2.388740e-09 
Output Order: Time[sec] Radius[Rearth] Temperature[K] Luminosity[LSUN] RotPer[days] LostAngMom[kg*m^2/s] SurfEnFluxTotal[W/m^2]
Grid Output Order:

----- BODY: secondary ----
Active Modules: EqTide STELLAR
Module Bit Sum: 67
Color: 000000
(Mass) Mass [kg]: 2.127599e+30 
(Obliquity) Obliquity [rad]: 0.000000 
(PrecA) Body's precession angle [rad]: 0.000000 
(Xobl) Body's sin(obliquity)*cos(precession angle) []: 0.000000 
(Yobl) Body's sin(obliquity)*sin(precession angle) []: 0.000000 
(Zobl) Body's cos(obliquity) []: 1.000000 
(Radius) Radius [Rearth]: 271.770653 
(RadGyra) Radius of Gyration/Moment of Inertia Constant []: 0.449972 
(RotAngMom) Rotational Angular Momentum [kg*m^2/sec]: 1.882544e+43 
(RotKinEnergy) Body's Rotational Energy [kg*m^2/sec^2]: 1.369024e+38 
(RotVel) Rotational Velocity [m/sec]: 2.521100e+04 
(BodyType) Type of Body (0 == planet) []: 1.000000 
(RotRate) Rotational Frequency [/sec]: 1.454441e-05 
(RotPer) Rotational Period [days]: 5.000000 
(Density) Average Density [kg/m^3]: 97.525780 
(SurfEnFluxTotal) Total Surface Energy Flux [W/m^2]: 1.991294e+07 
(ImK2) Im(k_2) []: -5.000000e-07 
(K2) k_2 []: 0.500000 
(K2Man) Real Love Number k2 Mantle []: 0.010000 
(Imk2Man) Imaginary Love Number k2 Mantle []: 0.000000 
(TidalQMantle) Mantle's Tidal Q []: 100.000000 
(HEcc) Poincare's h (=e*sin(varpi) []: 0.000000 
(HZLimitDryRunaway) Semi-major axis of Dry Runaway HZ Limit [m]: 2.318483e+11 
(HZLimRecVenus) Recent Venus HZ Limit [m]: 2.453787e+11 
(HZLimRunaway) Runaway Greenhouse HZ Limit [m]: 3.257187e+11 
(HZLimMoistGreenhouse) Moist Greenhouse HZ Limit [m]: 3.246750e+11 
(HZLimMaxGreenhouse) Maximum Greenhouse HZ Limit [m]: 5.858649e+11 
(HZLimEarlyMars) Early Mars HZ Limit [m]: 6.390741e+11 
(Instellation) Orbit-averaged INcident STELLar radiATION [kg*m^2/sec^2/(m^2*sec)]: 4.964024e+05 
(KEcc) Poincare's k (=e*cos(varpi) []: 0.500000 
(Eccentricity) Orbital Eccentricity []: 0.500000 
(OrbEnergy) Body's Total Orbital Energy [kg*m^2/sec^2]: -1.222046e+40 
(MeanMotion) Orbital Mean Motion [/sec]: 1.212034e-05 
(OrbPeriod) Orbital Period [days]: 6.000000 
(SemiMajorAxis) Semi-major Axis [AU]: 0.083403 
(CriticalSemiMajorAxis) Holman & Wiegert (1999) P-type Critical Semi-major Axis [m]: 4.501218e+10 
(OrbAngMom) Orbital Angular Momentum [kg*m^2/sec]: 1.746358e+45 
(LongP) Body's Longitude of pericenter [rad]: 0.000000 
(LXUVTot) Total XUV Luminosity [kg*m^2/sec^2/(m^2*sec)]: 8.284972e+23 
(TotOrbEnergy) System's Total Orbital Energy [kg*m^2/sec^2]: -1.222046e+40 
(OrbPotEnergy) Body's Orbital Potential Energy [kg*m^2/sec^2]: -2.444091e+40 
(LostEnergy) Body's Total Lost Energy [kg*m^2/sec^2]: 5.562685e-309 
(LostAngMom) Lost Angular Momentum due to Magnetic Braking [kg*m^2/sec]: 5.562685e-309 
----- EQTIDE PARAMETERS (secondary)------
(TidalRadius) In EqTide, the value of the radius that enters the tidal evolution equations. This parameter is distinct from others, such as the radius of XUV absorption or a pressure level in an atmosphere. [m]: 1.733380e+09 
(DsemiDtEqtide) Total da/dt from EqTide [m/sec]: -0.002253 
(DeccDtEqtide) Total de/dt from EqTide [/sec]: -9.399380e-14 
(DMeanMotionDtEqtide) Total dMeanMotion/dt from EqTide [/sec^2]: 3.283618e-18 
(DOrbPerDtEqtide) Total dOrbPer/dt from EqTide []: -1.404438e-07 
(EccTimeEqtide) Timescale for Eccentricity Evolution (e/[de/dt]) in EqTide [sec]: 5.319500e+12 
(SemiTimeEqtide) Timescale for Semi-major Axis Evolution (a/[da/dt]) in EqTide [sec]: 5.536733e+12 
(DHEccDtEqtide) Time Rate of Change of Poincare's h in EqTide [/sec]: -0.000000 
(DKEccDtEqtide) Time Rate of Change of Poincare's k in EqTide [/sec]: -9.399380e-14 
(DXoblDtEqtide) Time Rate of Change of Laskar's X in EqTide [/sec]: 0.000000 
(DYoblDtEqtide) Time Rate of Change of Laskar's Y in EqTide [/sec]: 0.000000 
(DZoblDtEqtide) Time Rate of Change of Laskar's Z in EqTide [/sec]: 0.000000 
(LockTime) Time when body tidally locked. [sec]: -1.000000 
(BodyDsemiDtEqtide) In EqTide, the total change in semi-major axis is due to dissipation in both bodies. This output parameter returns the change due to current body. []: -1.000000 
(BodyDeccDt) In EqTide, the total change in eccentricity is due to towrues on both bodies. This output parameter returns the change due to current body. []: -1.000000 
(DOblDtEqtide) Time Rate of Change of Obliquity in EqTide [rad/sec]: 0.000000 
(DRotPerDtEqtide) Time Rate of Change of Rotation Period in EqTide []: -5.534180e-07 
(DRotRateDtEqtide) Time Rate of Change of Rotational Frequency in EqTide [/sec^2]: 1.863226e-17 
(EqRotPer) Equilibrium Rotation Period [sec]: 1.847889e+05 
(EqTidePower) Equilibrium Power from Tides [/sec]: -1.000000 
(OceanK2) Ocean's Love number k_2 []: 0.010000 
(EnvTidalQ) Envelope Tidal Q []: -1.000000 
(OceanTidalQ) Ocean Tidal Q []: -1.000000 
(TidalTau) Tidal Time Lag [sec]: 0.100000 
(TideLock) Tidally Locked? []: 0.000000 
(RotTimeEqtide) Timescale for Rotational Evolution in EqTide [sec]: 7.806035e+11 
(EnvK2) Envelope's Love number k_2 []: 0.010000 
(OblTimeEqtide) Timescale for Obliquity Evolution in EqTide []: -1.000000 
(PowerEqtide) Internal Power due to Tides in EqTide [kg*m^2/sec^3]: 7.518531e+26 
(SurfEnFluxEqtide) Surface Energy Flux due to Tides in EqTide [kg*m^2/sec^2/(m^2*sec)]: 1.991294e+07 
Tidal Perturbers: primary
----- STELLAR PARAMETERS (secondary)------
(Luminosity) Luminosity [LSUN]: 2.154179 
(LXUVStellar) Base X-ray/XUV Luminosity [kg*m^2/sec^3]: 8.284972e+23 
(Temperature) Effective Temperature [K]: 4433.156329 
(LXUVFrac) Fraction of luminosity in XUV []: 0.001000 
(RossbyNumber) Rossby Number []: 0.154399 
(DRotPerDtStellar) Time Rate of Change of Rotation Period in STELLAR []: -2.384083e-09 
Output Order: Time[sec] Radius[Rearth] Temperature[K] Luminosity[LSUN] TotEnergy[ergs] TotAngMom[kg*m^2/s] SemiMajorAxis[AU] RotPer[days] Eccentricity[] OrbPeriod[days] SurfEnFluxTotal[W/m^2]
Grid Output Order:
