-------- Log file system.log -------

Executable: /home/jbirky/.conda/envs/astro/bin/vplanet
Version: Unknown
System Name: system
Primary Input File: vpl.in
Body File #1: primary.in
Body File #2: secondary.in
Allow files to be overwitten: Yes
Mass Units: Kilograms
Length Units: Meters
Time Units: Seconds
Angle Units: Radians

------- FORMATTING -----
Verbosity Level: 1
Crossover Decade for Scientific Notation: 4
Number of Digits After Decimal: 6
Integration Method: Runge-Kutta4
Direction: Forward
Time Step: 3.155760e+07
Stop Time: 7.826285e+16
Output Interval: 7.826285e+16
Use Variable Timestep: Yes
dEta: 0.010000
Minimum Value of ecc and obl: 1.000000e-10


---- INITIAL SYSTEM PROPERTIES ----
(Age) System Age [sec]: 0.000000 
(Time) Simulation Time [sec]: 0.000000 
(TotAngMom) Total Angular Momentum [kg*m^2/sec]: nan 
(TotEnergy) Total System Energy [kg*m^2/sec^2]: nan 
(PotEnergy) Body's non-orbital Potential Energy [kg*m^2/sec^2]: nan 
(KinEnergy) Body's non-orbital Kinetic Energy [kg*m^2/sec^2]: nan 
(DeltaTime) Average Timestep Over Last Output Interval [sec]: 0.000000 

----- BODY: primary ----
Active Modules: EqTide STELLAR
Module Bit Sum: 67
Color: 000000
(Mass) Mass [kg]: 2.147483e+33 
(Obliquity) Obliquity [rad]: 0.000000 
(PrecA) Body's precession angle [rad]: 0.000000 
(Xobl) Body's sin(obliquity)*cos(precession angle) []: 0.000000 
(Yobl) Body's sin(obliquity)*sin(precession angle) []: 0.000000 
(Zobl) Body's cos(obliquity) []: 1.000000 
(Radius) Radius [Rearth]: nan 
(RadGyra) Radius of Gyration/Moment of Inertia Constant []: nan 
(RotAngMom) Rotational Angular Momentum [kg*m^2/sec]: nan 
(RotKinEnergy) Body's Rotational Energy [kg*m^2/sec^2]: nan 
(RotVel) Rotational Velocity [m/sec]: nan 
(BodyType) Type of Body (0 == planet) []: 1.000000 
(RotRate) Rotational Frequency [/sec]: 1.454441e-05 
(RotPer) Rotational Period [days]: 5.000000 
(Density) Average Density [kg/m^3]: nan 
(SurfEnFluxTotal) Total Surface Energy Flux [W/m^2]: nan 
(ImK2) Im(k_2) []: -5.000000e-07 
(K2) k_2 []: 0.500000 
(K2Man) Real Love Number k2 Mantle []: 0.010000 
(Imk2Man) Imaginary Love Number k2 Mantle []: 0.000000 
(TidalQMantle) Mantle's Tidal Q []: 100.000000 
(HEcc) Poincare's h (=e*sin(varpi) []: 0.000000 
(HZLimitDryRunaway) Semi-major axis of Dry Runaway HZ Limit [m]: -1.000000 
(HZLimRecVenus) Recent Venus HZ Limit []: -1.000000 
(HZLimRunaway) Runaway Greenhouse HZ Limit []: -1.000000 
(HZLimMoistGreenhouse) Moist Greenhouse HZ Limit []: -1.000000 
(HZLimMaxGreenhouse) Maximum Greenhouse HZ Limit []: -1.000000 
(HZLimEarlyMars) Early Mars HZ Limit []: -1.000000 
(Instellation) Orbit-averaged INcident STELLar radiATION [kg*m^2/sec^2/(m^2*sec)]: -1.000000 
(KEcc) Poincare's k (=e*cos(varpi) []: 0.000000 
(Eccentricity) Orbital Eccentricity []: -1.000000 
(OrbEnergy) Body's Total Orbital Energy [kg*m^2/sec^2]: 0.000000 
(MeanMotion) Orbital Mean Motion [/sec]: -1.000000 
(OrbPeriod) Orbital Period [sec]: -1.000000 
(SemiMajorAxis) Semi-major Axis [m]: -1.000000 
(CriticalSemiMajorAxis) Holman & Wiegert (1999) P-type Critical Semi-major Axis [m]: -1.000000 
(OrbAngMom) Orbital Angular Momentum [kg*m^2/sec]: 0.000000 
(LongP) Body's Longitude of pericenter [rad]: 0.000000 
(LXUVTot) Total XUV Luminosity [kg*m^2/sec^2/(m^2*sec)]: nan 
(TotOrbEnergy) System's Total Orbital Energy [kg*m^2/sec^2]: -1.222046e+45 
(OrbPotEnergy) Body's Orbital Potential Energy [kg*m^2/sec^2]: -1.000000 
(LostEnergy) Body's Total Lost Energy [kg*m^2/sec^2]: 5.562685e-309 
(LostAngMom) Lost Angular Momentum due to Magnetic Braking [kg*m^2/s]: 5.562685e-309 
----- EQTIDE PARAMETERS (primary)------
(LockTime) Time when body tidally locked. [sec]: -1.000000 
(BodyDsemiDtEqtide) In EqTide, the total change in semi-major axis is due to dissipation in both bodies. This output parameter returns the change due to current body. []: -1.000000 
(BodyDeccDt) In EqTide, the total change in eccentricity is due to towrues on both bodies. This output parameter returns the change due to current body. []: -1.000000 
(DOblDtEqtide) Time Rate of Change of Obliquity in EqTide [rad/sec]: nan 
(DRotPerDtEqtide) Time Rate of Change of Rotation Period in EqTide []: nan 
(DRotRateDtEqtide) Time Rate of Change of Rotational Frequency in EqTide [/sec^2]: nan 
(EqRotPer) Equilibrium Rotation Period [sec]: 1.847889e+05 
(EqTidePower) Equilibrium Power from Tides [/sec]: -1.000000 
(OceanK2) Ocean's Love number k_2 []: 0.010000 
(EnvTidalQ) Envelope Tidal Q []: -1.000000 
(OceanTidalQ) Ocean Tidal Q []: -1.000000 
(TidalTau) Tidal Time Lag [sec]: 1.000000 
(TideLock) Tidally Locked? []: 0.000000 
(RotTimeEqtide) Timescale for Rotational Evolution in EqTide [sec]: nan 
(EnvK2) Envelope's Love number k_2 []: 0.010000 
(OblTimeEqtide) Timescale for Obliquity Evolution in EqTide []: -1.000000 
(PowerEqtide) Internal Power due to Tides in EqTide [kg*m^2/sec^3]: nan 
(SurfEnFluxEqtide) Surface Energy Flux due to Tides in EqTide [kg*m^2/sec^2/(m^2*sec)]: nan 
Tidal Perturbers: secondary
----- STELLAR PARAMETERS (primary)------
(Luminosity) Luminosity [LSUN]: nan 
(LXUVStellar) Base X-ray/XUV Luminosity [kg*m^2/sec^3]: nan 
(Temperature) Effective Temperature [K]: nan 
(LXUVFrac) Fraction of luminosity in XUV []: nan 
(RossbyNumber) Rossby Number []: -nan 
(DRotPerDtStellar) Time Rate of Change of Rotation Period in STELLAR []: -nan 
Output Order: Time[sec] Radius[Rearth] Temperature[K] Luminosity[LSUN] RotPer[days] LostAngMom[kg*m^2/s] SurfEnFluxTotal[W/m^2]
Grid Output Order:

----- BODY: secondary ----
Active Modules: EqTide STELLAR
Module Bit Sum: 67
Color: 000000
(Mass) Mass [kg]: 2.127599e+33 
(Obliquity) Obliquity [rad]: 0.000000 
(PrecA) Body's precession angle [rad]: 0.000000 
(Xobl) Body's sin(obliquity)*cos(precession angle) []: 0.000000 
(Yobl) Body's sin(obliquity)*sin(precession angle) []: 0.000000 
(Zobl) Body's cos(obliquity) []: 1.000000 
(Radius) Radius [Rearth]: nan 
(RadGyra) Radius of Gyration/Moment of Inertia Constant []: nan 
(RotAngMom) Rotational Angular Momentum [kg*m^2/sec]: nan 
(RotKinEnergy) Body's Rotational Energy [kg*m^2/sec^2]: nan 
(RotVel) Rotational Velocity [m/sec]: nan 
(BodyType) Type of Body (0 == planet) []: 1.000000 
(RotRate) Rotational Frequency [/sec]: 1.454441e-05 
(RotPer) Rotational Period [days]: 5.000000 
(Density) Average Density [kg/m^3]: nan 
(SurfEnFluxTotal) Total Surface Energy Flux [W/m^2]: nan 
(ImK2) Im(k_2) []: -5.000000e-07 
(K2) k_2 []: 0.500000 
(K2Man) Real Love Number k2 Mantle []: 0.010000 
(Imk2Man) Imaginary Love Number k2 Mantle []: 0.000000 
(TidalQMantle) Mantle's Tidal Q []: 100.000000 
(HEcc) Poincare's h (=e*sin(varpi) []: 0.000000 
(HZLimitDryRunaway) Semi-major axis of Dry Runaway HZ Limit [m]: -1.000000 
(HZLimRecVenus) Recent Venus HZ Limit []: -1.000000 
(HZLimRunaway) Runaway Greenhouse HZ Limit []: -1.000000 
(HZLimMoistGreenhouse) Moist Greenhouse HZ Limit []: -1.000000 
(HZLimMaxGreenhouse) Maximum Greenhouse HZ Limit []: -1.000000 
(HZLimEarlyMars) Early Mars HZ Limit []: -1.000000 
(Instellation) Orbit-averaged INcident STELLar radiATION [kg*m^2/sec^2/(m^2*sec)]: nan 
(KEcc) Poincare's k (=e*cos(varpi) []: 0.500000 
(Eccentricity) Orbital Eccentricity []: 0.500000 
(OrbEnergy) Body's Total Orbital Energy [kg*m^2/sec^2]: -1.222046e+45 
(MeanMotion) Orbital Mean Motion [/sec]: 1.212034e-05 
(OrbPeriod) Orbital Period [days]: 6.000000 
(SemiMajorAxis) Semi-major Axis [AU]: 0.834029 
(CriticalSemiMajorAxis) Holman & Wiegert (1999) P-type Critical Semi-major Axis [m]: 4.501218e+11 
(OrbAngMom) Orbital Angular Momentum [kg*m^2/sec]: 1.746358e+50 
(LongP) Body's Longitude of pericenter [rad]: 0.000000 
(LXUVTot) Total XUV Luminosity [kg*m^2/sec^2/(m^2*sec)]: nan 
(TotOrbEnergy) System's Total Orbital Energy [kg*m^2/sec^2]: -1.222046e+45 
(OrbPotEnergy) Body's Orbital Potential Energy [kg*m^2/sec^2]: -2.444092e+45 
(LostEnergy) Body's Total Lost Energy [kg*m^2/sec^2]: 5.562685e-309 
(LostAngMom) Lost Angular Momentum due to Magnetic Braking [kg*m^2/sec]: 5.562685e-309 
----- EQTIDE PARAMETERS (secondary)------
(TidalRadius) In EqTide, the value of the radius that enters the tidal evolution equations. This parameter is distinct from others, such as the radius of XUV absorption or a pressure level in an atmosphere. [m]: nan 
(DsemiDtEqtide) Total da/dt from EqTide [m/sec]: nan 
(DeccDtEqtide) Total de/dt from EqTide [/sec]: nan 
(DMeanMotionDtEqtide) Total dMeanMotion/dt from EqTide [/sec^2]: nan 
(DOrbPerDtEqtide) Total dOrbPer/dt from EqTide []: nan 
(EccTimeEqtide) Timescale for Eccentricity Evolution (e/[de/dt]) in EqTide [sec]: nan 
(SemiTimeEqtide) Timescale for Semi-major Axis Evolution (a/[da/dt]) in EqTide [sec]: nan 
(DHEccDtEqtide) Time Rate of Change of Poincare's h in EqTide [/sec]: nan 
(DKEccDtEqtide) Time Rate of Change of Poincare's k in EqTide [/sec]: nan 
(DXoblDtEqtide) Time Rate of Change of Laskar's X in EqTide [/sec]: nan 
(DYoblDtEqtide) Time Rate of Change of Laskar's Y in EqTide [/sec]: nan 
(DZoblDtEqtide) Time Rate of Change of Laskar's Z in EqTide [/sec]: -nan 
(LockTime) Time when body tidally locked. [sec]: -1.000000 
(BodyDsemiDtEqtide) In EqTide, the total change in semi-major axis is due to dissipation in both bodies. This output parameter returns the change due to current body. []: -1.000000 
(BodyDeccDt) In EqTide, the total change in eccentricity is due to towrues on both bodies. This output parameter returns the change due to current body. []: -1.000000 
(DOblDtEqtide) Time Rate of Change of Obliquity in EqTide [rad/sec]: nan 
(DRotPerDtEqtide) Time Rate of Change of Rotation Period in EqTide []: nan 
(DRotRateDtEqtide) Time Rate of Change of Rotational Frequency in EqTide [/sec^2]: nan 
(EqRotPer) Equilibrium Rotation Period [sec]: 1.847889e+05 
(EqTidePower) Equilibrium Power from Tides [/sec]: -1.000000 
(OceanK2) Ocean's Love number k_2 []: 0.010000 
(EnvTidalQ) Envelope Tidal Q []: -1.000000 
(OceanTidalQ) Ocean Tidal Q []: -1.000000 
(TidalTau) Tidal Time Lag [sec]: 1.000000 
(TideLock) Tidally Locked? []: 0.000000 
(RotTimeEqtide) Timescale for Rotational Evolution in EqTide [sec]: nan 
(EnvK2) Envelope's Love number k_2 []: 0.010000 
(OblTimeEqtide) Timescale for Obliquity Evolution in EqTide []: -1.000000 
(PowerEqtide) Internal Power due to Tides in EqTide [kg*m^2/sec^3]: nan 
(SurfEnFluxEqtide) Surface Energy Flux due to Tides in EqTide [kg*m^2/sec^2/(m^2*sec)]: nan 
Tidal Perturbers: primary
----- STELLAR PARAMETERS (secondary)------
(Luminosity) Luminosity [LSUN]: nan 
(LXUVStellar) Base X-ray/XUV Luminosity [kg*m^2/sec^3]: nan 
(Temperature) Effective Temperature [K]: nan 
(LXUVFrac) Fraction of luminosity in XUV []: nan 
(RossbyNumber) Rossby Number []: -nan 
(DRotPerDtStellar) Time Rate of Change of Rotation Period in STELLAR []: -nan 
Output Order: Time[sec] Radius[Rearth] Temperature[K] Luminosity[LSUN] TotEnergy[ergs] TotAngMom[kg*m^2/s] SemiMajorAxis[AU] RotPer[days] Eccentricity[] OrbPeriod[days] SurfEnFluxTotal[W/m^2]
Grid Output Order:



---- FINAL SYSTEM PROPERTIES ----
(Age) System Age [sec]: 0.000000 
(Time) Simulation Time [sec]: 0.000000 
(TotAngMom) Total Angular Momentum [kg*m^2/sec]: nan 
(TotEnergy) Total System Energy [kg*m^2/sec^2]: nan 
(PotEnergy) Body's non-orbital Potential Energy [kg*m^2/sec^2]: nan 
(KinEnergy) Body's non-orbital Kinetic Energy [kg*m^2/sec^2]: nan 
(DeltaTime) Average Timestep Over Last Output Interval [sec]: 0.000000 

----- BODY: primary ----
Active Modules: EqTide STELLAR
Module Bit Sum: 67
Color: 000000
(Mass) Mass [kg]: 2.147483e+33 
(Obliquity) Obliquity [rad]: nan 
(PrecA) Body's precession angle [rad]: nan 
(Xobl) Body's sin(obliquity)*cos(precession angle) []: nan 
(Yobl) Body's sin(obliquity)*sin(precession angle) []: nan 
(Zobl) Body's cos(obliquity) []: nan 
(Radius) Radius [Rearth]: nan 
(RadGyra) Radius of Gyration/Moment of Inertia Constant []: nan 
(RotAngMom) Rotational Angular Momentum [kg*m^2/sec]: nan 
(RotKinEnergy) Body's Rotational Energy [kg*m^2/sec^2]: nan 
(RotVel) Rotational Velocity [m/sec]: nan 
(BodyType) Type of Body (0 == planet) []: 1.000000 
(RotRate) Rotational Frequency [/sec]: nan 
(RotPer) Rotational Period [days]: nan 
(Density) Average Density [kg/m^3]: nan 
(SurfEnFluxTotal) Total Surface Energy Flux [W/m^2]: nan 
(ImK2) Im(k_2) []: -5.000000e-07 
(K2) k_2 []: 0.500000 
(K2Man) Real Love Number k2 Mantle []: 0.010000 
(Imk2Man) Imaginary Love Number k2 Mantle []: 0.000000 
(TidalQMantle) Mantle's Tidal Q []: 100.000000 
(HEcc) Poincare's h (=e*sin(varpi) []: 0.000000 
(HZLimitDryRunaway) Semi-major axis of Dry Runaway HZ Limit [m]: -1.000000 
(HZLimRecVenus) Recent Venus HZ Limit []: -1.000000 
(HZLimRunaway) Runaway Greenhouse HZ Limit []: -1.000000 
(HZLimMoistGreenhouse) Moist Greenhouse HZ Limit []: -1.000000 
(HZLimMaxGreenhouse) Maximum Greenhouse HZ Limit []: -1.000000 
(HZLimEarlyMars) Early Mars HZ Limit []: -1.000000 
(Instellation) Orbit-averaged INcident STELLar radiATION [kg*m^2/sec^2/(m^2*sec)]: -1.000000 
(KEcc) Poincare's k (=e*cos(varpi) []: 0.000000 
(Eccentricity) Orbital Eccentricity []: -1.000000 
(OrbEnergy) Body's Total Orbital Energy [kg*m^2/sec^2]: 0.000000 
(MeanMotion) Orbital Mean Motion [/sec]: -1.000000 
(OrbPeriod) Orbital Period [sec]: -1.000000 
(SemiMajorAxis) Semi-major Axis [m]: -1.000000 
(CriticalSemiMajorAxis) Holman & Wiegert (1999) P-type Critical Semi-major Axis [m]: -1.000000 
(OrbAngMom) Orbital Angular Momentum [kg*m^2/sec]: 0.000000 
(LongP) Body's Longitude of pericenter [rad]: 0.000000 
(LXUVTot) Total XUV Luminosity [kg*m^2/sec^2/(m^2*sec)]: nan 
(TotOrbEnergy) System's Total Orbital Energy [kg*m^2/sec^2]: nan 
(OrbPotEnergy) Body's Orbital Potential Energy [kg*m^2/sec^2]: -1.000000 
(LostEnergy) Body's Total Lost Energy [kg*m^2/sec^2]: -nan 
(LostAngMom) Lost Angular Momentum due to Magnetic Braking [kg*m^2/s]: nan 
----- EQTIDE PARAMETERS (primary)------
(LockTime) Time when body tidally locked. [sec]: -1.000000 
(BodyDsemiDtEqtide) In EqTide, the total change in semi-major axis is due to dissipation in both bodies. This output parameter returns the change due to current body. []: -1.000000 
(BodyDeccDt) In EqTide, the total change in eccentricity is due to towrues on both bodies. This output parameter returns the change due to current body. []: -1.000000 
(DOblDtEqtide) Time Rate of Change of Obliquity in EqTide [rad/sec]: nan 
(DRotPerDtEqtide) Time Rate of Change of Rotation Period in EqTide []: nan 
(DRotRateDtEqtide) Time Rate of Change of Rotational Frequency in EqTide [/sec^2]: nan 
(EqRotPer) Equilibrium Rotation Period [sec]: nan 
(EqTidePower) Equilibrium Power from Tides [/sec]: -1.000000 
(OceanK2) Ocean's Love number k_2 []: 0.010000 
(EnvTidalQ) Envelope Tidal Q []: -1.000000 
(OceanTidalQ) Ocean Tidal Q []: -1.000000 
(TidalTau) Tidal Time Lag [sec]: 1.000000 
(TideLock) Tidally Locked? []: 0.000000 
(RotTimeEqtide) Timescale for Rotational Evolution in EqTide [sec]: nan 
(EnvK2) Envelope's Love number k_2 []: 0.010000 
(OblTimeEqtide) Timescale for Obliquity Evolution in EqTide []: -1.000000 
(PowerEqtide) Internal Power due to Tides in EqTide [kg*m^2/sec^3]: nan 
(SurfEnFluxEqtide) Surface Energy Flux due to Tides in EqTide [kg*m^2/sec^2/(m^2*sec)]: nan 
Tidal Perturbers: secondary
----- STELLAR PARAMETERS (primary)------
(Luminosity) Luminosity [LSUN]: nan 
(LXUVStellar) Base X-ray/XUV Luminosity [kg*m^2/sec^3]: nan 
(Temperature) Effective Temperature [K]: nan 
(LXUVFrac) Fraction of luminosity in XUV []: nan 
(RossbyNumber) Rossby Number []: nan 
(DRotPerDtStellar) Time Rate of Change of Rotation Period in STELLAR []: nan 
Output Order: Time[sec] Radius[Rearth] Temperature[K] Luminosity[LSUN] RotPer[days] LostAngMom[kg*m^2/s] SurfEnFluxTotal[W/m^2]
Grid Output Order:

----- BODY: secondary ----
Active Modules: EqTide STELLAR
Module Bit Sum: 67
Color: 000000
(Mass) Mass [kg]: 2.127599e+33 
(Obliquity) Obliquity [rad]: nan 
(PrecA) Body's precession angle [rad]: nan 
(Xobl) Body's sin(obliquity)*cos(precession angle) []: nan 
(Yobl) Body's sin(obliquity)*sin(precession angle) []: nan 
(Zobl) Body's cos(obliquity) []: nan 
(Radius) Radius [Rearth]: nan 
(RadGyra) Radius of Gyration/Moment of Inertia Constant []: nan 
(RotAngMom) Rotational Angular Momentum [kg*m^2/sec]: nan 
(RotKinEnergy) Body's Rotational Energy [kg*m^2/sec^2]: nan 
(RotVel) Rotational Velocity [m/sec]: nan 
(BodyType) Type of Body (0 == planet) []: 1.000000 
(RotRate) Rotational Frequency [/sec]: nan 
(RotPer) Rotational Period [days]: nan 
(Density) Average Density [kg/m^3]: nan 
(SurfEnFluxTotal) Total Surface Energy Flux [W/m^2]: nan 
(ImK2) Im(k_2) []: -5.000000e-07 
(K2) k_2 []: 0.500000 
(K2Man) Real Love Number k2 Mantle []: 0.010000 
(Imk2Man) Imaginary Love Number k2 Mantle []: 0.000000 
(TidalQMantle) Mantle's Tidal Q []: 100.000000 
(HEcc) Poincare's h (=e*sin(varpi) []: nan 
(HZLimitDryRunaway) Semi-major axis of Dry Runaway HZ Limit [m]: -1.000000 
(HZLimRecVenus) Recent Venus HZ Limit []: -1.000000 
(HZLimRunaway) Runaway Greenhouse HZ Limit []: -1.000000 
(HZLimMoistGreenhouse) Moist Greenhouse HZ Limit []: -1.000000 
(HZLimMaxGreenhouse) Maximum Greenhouse HZ Limit []: -1.000000 
(HZLimEarlyMars) Early Mars HZ Limit []: -1.000000 
(Instellation) Orbit-averaged INcident STELLar radiATION [kg*m^2/sec^2/(m^2*sec)]: nan 
(KEcc) Poincare's k (=e*cos(varpi) []: nan 
(Eccentricity) Orbital Eccentricity []: nan 
(OrbEnergy) Body's Total Orbital Energy [kg*m^2/sec^2]: nan 
(MeanMotion) Orbital Mean Motion [/sec]: nan 
(OrbPeriod) Orbital Period [days]: nan 
(SemiMajorAxis) Semi-major Axis [AU]: nan 
(CriticalSemiMajorAxis) Holman & Wiegert (1999) P-type Critical Semi-major Axis [m]: nan 
(OrbAngMom) Orbital Angular Momentum [kg*m^2/sec]: nan 
(LongP) Body's Longitude of pericenter [rad]: nan 
(LXUVTot) Total XUV Luminosity [kg*m^2/sec^2/(m^2*sec)]: nan 
(TotOrbEnergy) System's Total Orbital Energy [kg*m^2/sec^2]: nan 
(OrbPotEnergy) Body's Orbital Potential Energy [kg*m^2/sec^2]: nan 
(LostEnergy) Body's Total Lost Energy [kg*m^2/sec^2]: -nan 
(LostAngMom) Lost Angular Momentum due to Magnetic Braking [kg*m^2/sec]: nan 
----- EQTIDE PARAMETERS (secondary)------
(TidalRadius) In EqTide, the value of the radius that enters the tidal evolution equations. This parameter is distinct from others, such as the radius of XUV absorption or a pressure level in an atmosphere. [m]: nan 
(DsemiDtEqtide) Total da/dt from EqTide [m/sec]: nan 
(DeccDtEqtide) Total de/dt from EqTide [/sec]: nan 
(DMeanMotionDtEqtide) Total dMeanMotion/dt from EqTide [/sec^2]: nan 
(DOrbPerDtEqtide) Total dOrbPer/dt from EqTide []: nan 
(EccTimeEqtide) Timescale for Eccentricity Evolution (e/[de/dt]) in EqTide [sec]: nan 
(SemiTimeEqtide) Timescale for Semi-major Axis Evolution (a/[da/dt]) in EqTide [sec]: nan 
(DHEccDtEqtide) Time Rate of Change of Poincare's h in EqTide [/sec]: nan 
(DKEccDtEqtide) Time Rate of Change of Poincare's k in EqTide [/sec]: nan 
(DXoblDtEqtide) Time Rate of Change of Laskar's X in EqTide [/sec]: nan 
(DYoblDtEqtide) Time Rate of Change of Laskar's Y in EqTide [/sec]: nan 
(DZoblDtEqtide) Time Rate of Change of Laskar's Z in EqTide [/sec]: -nan 
(LockTime) Time when body tidally locked. [sec]: -1.000000 
(BodyDsemiDtEqtide) In EqTide, the total change in semi-major axis is due to dissipation in both bodies. This output parameter returns the change due to current body. []: -1.000000 
(BodyDeccDt) In EqTide, the total change in eccentricity is due to towrues on both bodies. This output parameter returns the change due to current body. []: -1.000000 
(DOblDtEqtide) Time Rate of Change of Obliquity in EqTide [rad/sec]: nan 
(DRotPerDtEqtide) Time Rate of Change of Rotation Period in EqTide []: nan 
(DRotRateDtEqtide) Time Rate of Change of Rotational Frequency in EqTide [/sec^2]: nan 
(EqRotPer) Equilibrium Rotation Period [sec]: nan 
(EqTidePower) Equilibrium Power from Tides [/sec]: -1.000000 
(OceanK2) Ocean's Love number k_2 []: 0.010000 
(EnvTidalQ) Envelope Tidal Q []: -1.000000 
(OceanTidalQ) Ocean Tidal Q []: -1.000000 
(TidalTau) Tidal Time Lag [sec]: 1.000000 
(TideLock) Tidally Locked? []: 0.000000 
(RotTimeEqtide) Timescale for Rotational Evolution in EqTide [sec]: nan 
(EnvK2) Envelope's Love number k_2 []: 0.010000 
(OblTimeEqtide) Timescale for Obliquity Evolution in EqTide []: -1.000000 
(PowerEqtide) Internal Power due to Tides in EqTide [kg*m^2/sec^3]: nan 
(SurfEnFluxEqtide) Surface Energy Flux due to Tides in EqTide [kg*m^2/sec^2/(m^2*sec)]: nan 
Tidal Perturbers: primary
----- STELLAR PARAMETERS (secondary)------
(Luminosity) Luminosity [LSUN]: nan 
(LXUVStellar) Base X-ray/XUV Luminosity [kg*m^2/sec^3]: nan 
(Temperature) Effective Temperature [K]: nan 
(LXUVFrac) Fraction of luminosity in XUV []: nan 
(RossbyNumber) Rossby Number []: nan 
(DRotPerDtStellar) Time Rate of Change of Rotation Period in STELLAR []: nan 
Output Order: Time[sec] Radius[Rearth] Temperature[K] Luminosity[LSUN] TotEnergy[ergs] TotAngMom[kg*m^2/s] SemiMajorAxis[AU] RotPer[days] Eccentricity[] OrbPeriod[days] SurfEnFluxTotal[W/m^2]
Grid Output Order:
